[2026-04-07 09:32:14] STEP: Navigating to https://www.perplexity.ai/discover/top
[2026-04-07 09:32:32] STEP: Navigating to https://www.perplexity.ai/discover/tech
[2026-04-07 09:32:53] STEP: Navigating to https://www.perplexity.ai/discover/business
[2026-04-07 09:33:07] STEP: Navigating to https://www.perplexity.ai/discover/science
[2026-04-07 09:33:22] STEP: Navigating to https://www.perplexity.ai/discover/sports
[2026-04-07 09:33:28] STEP: Navigating to https://www.perplexity.ai/discover/entertainment
[2026-04-07 09:41:11] STEP: Navigating to https://www.perplexity.ai/discover/top
[2026-04-07 09:41:23] STEP: Navigating to https://www.perplexity.ai/discover/tech
[2026-04-07 09:41:38] STEP: Navigating to https://www.perplexity.ai/discover/business
[2026-04-07 09:41:49] STEP: Navigating to https://www.perplexity.ai/discover/science
[2026-04-07 09:42:02] STEP: Navigating to https://www.perplexity.ai/discover/sports
[2026-04-07 09:42:13] STEP: Navigating to https://www.perplexity.ai/discover/entertainment
[2026-04-07 11:28:29] STEP: Navigating to https://www.perplexity.ai/discover/top
[2026-04-07 11:28:44] STEP: Navigating to https://www.perplexity.ai/discover/tech
[2026-04-07 11:29:00] STEP: Navigating to https://www.perplexity.ai/discover/business
[2026-04-07 11:29:17] STEP: Navigating to https://www.perplexity.ai/discover/science
[2026-04-07 11:29:28] STEP: Navigating to https://www.perplexity.ai/discover/sports
[2026-04-07 11:29:40] STEP: Navigating to https://www.perplexity.ai/discover/entertainment
[2026-04-07 12:29:59] STEP: Navigating to https://www.perplexity.ai/discover/top
[2026-04-07 12:30:11] STEP: Navigating to https://www.perplexity.ai/discover/tech
[2026-04-07 12:30:25] STEP: Navigating to https://www.perplexity.ai/discover/business
[2026-04-07 12:30:38] STEP: Navigating to https://www.perplexity.ai/discover/science
[2026-04-07 12:30:49] STEP: Navigating to https://www.perplexity.ai/discover/sports
[2026-04-07 12:31:02] STEP: Navigating to https://www.perplexity.ai/discover/entertainment
[2026-04-07 12:50:00] STEP: Navigating to https://www.perplexity.ai/discover/top
[2026-04-07 12:50:11] STEP: Navigating to https://www.perplexity.ai/discover/tech
[2026-04-07 12:50:22] STEP: Navigating to https://www.perplexity.ai/discover/business
[2026-04-07 12:50:33] STEP: Navigating to https://www.perplexity.ai/discover/science
[2026-04-07 12:50:44] STEP: Navigating to https://www.perplexity.ai/discover/sports
[2026-04-07 12:50:56] STEP: Navigating to https://www.perplexity.ai/discover/entertainment
[2026-04-07 12:51:09] STEP: Comet Browser session terminated.
[2026-04-07 12:51:44] STEP: Navigating to https://www.perplexity.ai/discover/top
[2026-04-07 12:58:34] STEP: Navigating to https://www.perplexity.ai/discover/tech
[2026-04-07 12:58:47] STEP: Comet Browser session terminated.
[2026-04-07 13:10:59] STEP: Navigating to https://www.perplexity.ai/discover/top
[2026-04-07 13:17:34] STEP: Navigating to https://www.perplexity.ai/discover/tech
[2026-04-07 13:24:24] STEP: Navigating to https://www.perplexity.ai/discover/business
[2026-04-07 13:24:35] STEP: Navigating to https://www.perplexity.ai/discover/science
[2026-04-07 13:25:01] STEP: Navigating to https://www.perplexity.ai/discover/sports
[2026-04-07 13:25:34] STEP: Navigating to https://www.perplexity.ai/discover/entertainment
[2026-04-07 13:25:45] CRASH: save_last_run_time() takes 0 positional arguments but 1 was given
[2026-04-07 13:25:47] STEP: Comet Browser session terminated.
[2026-04-07 13:30:40] STEP: Navigating to https://www.perplexity.ai/discover/top
[2026-04-07 13:37:13] STEP: Navigating to https://www.perplexity.ai/discover/tech
[2026-04-07 13:43:50] STEP: Navigating to https://www.perplexity.ai/discover/business
[2026-04-07 13:44:01] STEP: Navigating to https://www.perplexity.ai/discover/science
[2026-04-07 13:44:32] STEP: Navigating to https://www.perplexity.ai/discover/sports
[2026-04-07 13:45:05] STEP: Navigating to https://www.perplexity.ai/discover/entertainment
[2026-04-07 13:45:16] CRASH: save_last_run_time() takes 0 positional arguments but 1 was given
[2026-04-07 13:45:18] STEP: Comet Browser session terminated.
[2026-04-07 14:12:20] STEP: Navigating to https://www.perplexity.ai/discover/top
[2026-04-07 14:19:01] STEP: Navigating to https://www.perplexity.ai/discover/tech
[2026-04-07 14:25:33] STEP: Navigating to https://www.perplexity.ai/discover/business
[2026-04-07 14:26:00] STEP: Navigating to https://www.perplexity.ai/discover/science
[2026-04-07 14:26:26] STEP: Navigating to https://www.perplexity.ai/discover/sports
[2026-04-07 14:26:58] STEP: Navigating to https://www.perplexity.ai/discover/entertainment
[2026-04-07 14:27:09] CRASH: save_last_run_time() takes 0 positional arguments but 1 was given
[2026-04-07 14:27:11] STEP: Comet Browser session terminated.
[2026-04-07 18:51:31] STEP: Navigating to https://www.perplexity.ai/discover/top
[2026-04-07 18:51:42] STEP: Navigating to https://www.perplexity.ai/discover/tech
[2026-04-07 18:55:08] STEP: Navigating to https://www.perplexity.ai/discover/business
[2026-04-07 18:56:10] STEP: Navigating to https://www.perplexity.ai/discover/top
[2026-04-07 18:56:56] STEP: Navigating to https://www.perplexity.ai/discover/top
[2026-04-07 18:59:01] CRASH: Page.evaluate: Target page, context or browser has been closed
[2026-04-07 18:59:01] STEP: Comet Browser session terminated.
[2026-04-07 18:59:04] CRASH: Page.evaluate: Target page, context or browser has been closed
[2026-04-07 18:59:04] STEP: Comet Browser session terminated.
[2026-04-07 19:05:12] STEP: Navigating to https://www.perplexity.ai/discover/top
[2026-04-07 20:57:39] STEP: Navigating to https://www.perplexity.ai/discover/top
[2026-04-07 21:04:44] STEP: Navigating to https://www.perplexity.ai/discover/tech
[2026-04-07 21:12:00] STEP: Navigating to https://www.perplexity.ai/discover/business
[2026-04-07 21:12:21] STEP: Navigating to https://www.perplexity.ai/discover/science
[2026-04-07 21:13:23] STEP: Navigating to https://www.perplexity.ai/discover/sports
[2026-04-07 21:13:34] STEP: Navigating to https://www.perplexity.ai/discover/entertainment
[2026-04-08 09:24:19] STEP: Navigating to https://www.perplexity.ai/discover/top
[2026-04-08 09:31:55] STEP: Navigating to https://www.perplexity.ai/discover/tech
[2026-04-08 09:40:23] STEP: Navigating to https://www.perplexity.ai/discover/business
[2026-04-08 09:44:46] STEP: Navigating to https://www.perplexity.ai/discover/science
[2026-04-08 09:44:57] STEP: Navigating to https://www.perplexity.ai/discover/sports
[2026-04-08 09:45:54] STEP: Navigating to https://www.perplexity.ai/discover/entertainment
[2026-04-09 11:17:10] STEP: Navigating to https://www.perplexity.ai/discover/top
[2026-04-09 11:24:25] STEP: Navigating to https://www.perplexity.ai/discover/tech
[2026-04-09 11:32:03] STEP: Navigating to https://www.perplexity.ai/discover/business
[2026-04-09 11:32:50] STEP: Navigating to https://www.perplexity.ai/discover/science
[2026-04-09 11:33:18] STEP: Navigating to https://www.perplexity.ai/discover/sports
[2026-04-09 11:33:53] STEP: Navigating to https://www.perplexity.ai/discover/entertainment
[2026-04-09 11:36:42] STEP: Navigating to https://www.perplexity.ai/discover/top
[2026-04-09 11:37:16] STEP: Comet Browser session terminated.
[2026-04-09 11:43:55] STEP: Navigating to https://www.perplexity.ai/discover/tech
[2026-04-09 11:52:15] STEP: Navigating to https://www.perplexity.ai/discover/business
[2026-04-09 11:52:26] STEP: Navigating to https://www.perplexity.ai/discover/science
[2026-04-09 11:53:18] STEP: Navigating to https://www.perplexity.ai/discover/sports
[2026-04-09 11:53:51] STEP: Navigating to https://www.perplexity.ai/discover/entertainment
[2026-04-09 12:19:14] STEP: Navigating to https://www.perplexity.ai/discover/top
[2026-04-09 12:25:59] STEP: Navigating to https://www.perplexity.ai/discover/tech
[2026-04-09 12:33:21] STEP: Navigating to https://www.perplexity.ai/discover/business
[2026-04-09 12:33:49] STEP: Navigating to https://www.perplexity.ai/discover/science
[2026-04-09 12:34:21] STEP: Navigating to https://www.perplexity.ai/discover/sports
[2026-04-09 12:34:54] STEP: Navigating to https://www.perplexity.ai/discover/entertainment
[2026-04-09 13:03:09] STEP: Navigating to https://www.perplexity.ai/discover/top
[2026-04-09 13:10:36] STEP: Navigating to https://www.perplexity.ai/discover/tech
[2026-04-09 13:18:12] STEP: Navigating to https://www.perplexity.ai/discover/business
[2026-04-09 13:19:26] STEP: Navigating to https://www.perplexity.ai/discover/science
[2026-04-09 13:20:54] STEP: Navigating to https://www.perplexity.ai/discover/sports
[2026-04-09 13:21:27] STEP: Navigating to https://www.perplexity.ai/discover/entertainment
[2026-04-09 13:36:24] STEP: Navigating to https://www.perplexity.ai/discover/top
[2026-04-09 13:44:11] STEP: Navigating to https://www.perplexity.ai/discover/tech
[2026-04-09 13:52:37] STEP: Navigating to https://www.perplexity.ai/discover/business
[2026-04-09 13:52:58] STEP: Navigating to https://www.perplexity.ai/discover/science
[2026-04-09 13:53:19] STEP: Navigating to https://www.perplexity.ai/discover/sports
[2026-04-09 13:53:54] STEP: Navigating to https://www.perplexity.ai/discover/entertainment
[2026-04-09 19:29:36] STEP: Navigating to https://www.perplexity.ai/discover/top
[2026-04-09 19:36:53] STEP: Navigating to https://www.perplexity.ai/discover/tech
[2026-04-09 19:38:01] STEP: Comet Browser session terminated.
[2026-04-09 19:55:35] STEP: Navigating to https://www.perplexity.ai/discover/top
[2026-04-09 20:05:16] STEP: Navigating to https://www.perplexity.ai/discover/top
[2026-04-09 20:05:20] CRASH: 'charmap' codec can't encode character '\u2834' in position 0: character maps to <undefined>
[2026-04-09 20:05:20] STEP: Comet Browser session terminated.
[2026-04-09 20:06:26] STEP: Navigating to https://www.perplexity.ai/discover/top
[2026-04-09 20:06:39] CRASH: 'charmap' codec can't encode character '\u2839' in position 0: character maps to <undefined>
[2026-04-09 20:06:39] STEP: Comet Browser session terminated.
[2026-04-09 20:06:55] STEP: Navigating to https://www.perplexity.ai/discover/top
[2026-04-09 20:07:02] CRASH: Page.evaluate: Target page, context or browser has been closed
[2026-04-09 20:07:02] STEP: Comet Browser session terminated.
[2026-04-09 20:07:27] STEP: Navigating to https://www.perplexity.ai/discover/top
[2026-04-09 20:07:28] CRASH: Page.goto: Target page, context or browser has been closed
Call log:
  - navigating to "https://www.perplexity.ai/discover/top", waiting until "domcontentloaded"

[2026-04-09 20:07:28] STEP: Comet Browser session terminated.
[2026-04-09 20:07:44] STEP: Navigating to https://www.perplexity.ai/discover/tech
[2026-04-09 20:07:54] CRASH: Page.evaluate: Target page, context or browser has been closed
[2026-04-09 20:07:54] STEP: Comet Browser session terminated.
